2020-05-08 15:44:41,271 DEBUG com.mendix.restcontroller.RecipesRestController [http-nio-10090-exec-1] RecipesRestController saveData- {} call started with input :-cake mixes
2020-05-08 15:44:41,272 DEBUG com.mendix.service.CategoryServiceImpl [http-nio-10090-exec-1] CategoryServiceImpl isDuplicateCategory- {} call started with input:-cake mixes
2020-05-08 15:44:41,315 DEBUG com.mendix.service.CategoryServiceImpl [http-nio-10090-exec-1] CategoryServiceImpl isDuplicateCategory- {} category not found
2020-05-08 15:44:41,315 DEBUG com.mendix.service.CategoryServiceImpl [http-nio-10090-exec-1] CategoryServiceImpl saveCategory- {} call started 
2020-05-08 15:44:41,359 DEBUG com.mendix.service.CategoryServiceImpl [http-nio-10090-exec-1] CategoryServiceImpl saveCategory- {} call end
2020-05-08 15:44:41,359 DEBUG com.mendix.restcontroller.RecipesRestController [http-nio-10090-exec-1] RecipesRestController saveData- {} call end with success and created
2020-05-08 15:44:41,413 DEBUG com.mendix.restcontroller.RecipesRestController [http-nio-10090-exec-3] RecipesRestController saveData- {} call started with input :-chili
2020-05-08 15:44:41,413 DEBUG com.mendix.service.CategoryServiceImpl [http-nio-10090-exec-3] CategoryServiceImpl isDuplicateCategory- {} call started with input:-chili
2020-05-08 15:44:41,414 DEBUG com.mendix.service.CategoryServiceImpl [http-nio-10090-exec-3] CategoryServiceImpl isDuplicateCategory- {} category not found
2020-05-08 15:44:41,414 DEBUG com.mendix.service.CategoryServiceImpl [http-nio-10090-exec-3] CategoryServiceImpl saveCategory- {} call started 
2020-05-08 15:44:41,416 DEBUG com.mendix.service.CategoryServiceImpl [http-nio-10090-exec-3] CategoryServiceImpl saveCategory- {} call end
2020-05-08 15:44:41,416 DEBUG com.mendix.restcontroller.RecipesRestController [http-nio-10090-exec-3] RecipesRestController saveData- {} call end with success and created
2020-05-08 15:44:41,444 DEBUG com.mendix.restcontroller.RecipesRestController [http-nio-10090-exec-4] RecipesRestController saveData- {} call started with input :-main dish
2020-05-08 15:44:41,444 DEBUG com.mendix.service.CategoryServiceImpl [http-nio-10090-exec-4] CategoryServiceImpl isDuplicateCategory- {} call started with input:-main dish
2020-05-08 15:44:41,445 DEBUG com.mendix.service.CategoryServiceImpl [http-nio-10090-exec-4] CategoryServiceImpl isDuplicateCategory- {} category not found
2020-05-08 15:44:41,445 DEBUG com.mendix.service.CategoryServiceImpl [http-nio-10090-exec-4] CategoryServiceImpl saveCategory- {} call started 
2020-05-08 15:44:41,446 DEBUG com.mendix.service.CategoryServiceImpl [http-nio-10090-exec-4] CategoryServiceImpl saveCategory- {} call end
2020-05-08 15:44:41,446 DEBUG com.mendix.restcontroller.RecipesRestController [http-nio-10090-exec-4] RecipesRestController saveData- {} call end with success and created
2020-05-08 15:44:41,475 DEBUG com.mendix.restcontroller.RecipesRestController [http-nio-10090-exec-5] RecipesRestController saveData- {} call started with input :-cakes
2020-05-08 15:44:41,475 DEBUG com.mendix.service.CategoryServiceImpl [http-nio-10090-exec-5] CategoryServiceImpl isDuplicateCategory- {} call started with input:-cakes
2020-05-08 15:44:41,476 DEBUG com.mendix.service.CategoryServiceImpl [http-nio-10090-exec-5] CategoryServiceImpl isDuplicateCategory- {} category not found
2020-05-08 15:44:41,476 DEBUG com.mendix.service.CategoryServiceImpl [http-nio-10090-exec-5] CategoryServiceImpl saveCategory- {} call started 
2020-05-08 15:44:41,477 DEBUG com.mendix.service.CategoryServiceImpl [http-nio-10090-exec-5] CategoryServiceImpl saveCategory- {} call end
2020-05-08 15:44:41,477 DEBUG com.mendix.restcontroller.RecipesRestController [http-nio-10090-exec-5] RecipesRestController saveData- {} call end with success and created
2020-05-08 15:44:41,500 DEBUG com.mendix.restcontroller.RecipesRestController [http-nio-10090-exec-6] RecipesRestController saveData- {} call started with input :-liquor
2020-05-08 15:44:41,500 DEBUG com.mendix.service.CategoryServiceImpl [http-nio-10090-exec-6] CategoryServiceImpl isDuplicateCategory- {} call started with input:-liquor
2020-05-08 15:44:41,501 DEBUG com.mendix.service.CategoryServiceImpl [http-nio-10090-exec-6] CategoryServiceImpl isDuplicateCategory- {} category not found
2020-05-08 15:44:41,501 DEBUG com.mendix.service.CategoryServiceImpl [http-nio-10090-exec-6] CategoryServiceImpl saveCategory- {} call started 
2020-05-08 15:44:41,503 DEBUG com.mendix.service.CategoryServiceImpl [http-nio-10090-exec-6] CategoryServiceImpl saveCategory- {} call end
2020-05-08 15:44:41,503 DEBUG com.mendix.restcontroller.RecipesRestController [http-nio-10090-exec-6] RecipesRestController saveData- {} call end with success and created
2020-05-08 15:44:41,531 DEBUG com.mendix.restcontroller.RecipesRestController [http-nio-10090-exec-9] RecipesRestController saveData- {} call started with input :-vegetables
2020-05-08 15:44:41,531 DEBUG com.mendix.service.CategoryServiceImpl [http-nio-10090-exec-9] CategoryServiceImpl isDuplicateCategory- {} call started with input:-vegetables
2020-05-08 15:44:41,532 DEBUG com.mendix.service.CategoryServiceImpl [http-nio-10090-exec-9] CategoryServiceImpl isDuplicateCategory- {} category not found
2020-05-08 15:44:41,532 DEBUG com.mendix.service.CategoryServiceImpl [http-nio-10090-exec-9] CategoryServiceImpl saveCategory- {} call started 
2020-05-08 15:44:41,533 DEBUG com.mendix.service.CategoryServiceImpl [http-nio-10090-exec-9] CategoryServiceImpl saveCategory- {} call end
2020-05-08 15:44:41,533 DEBUG com.mendix.restcontroller.RecipesRestController [http-nio-10090-exec-9] RecipesRestController saveData- {} call end with success and created
2020-05-08 15:44:41,559 DEBUG com.mendix.restcontroller.RecipesRestController [http-nio-10090-exec-8] RecipesRestController saveData- {} call started with input :-microwave
2020-05-08 15:44:41,559 DEBUG com.mendix.service.CategoryServiceImpl [http-nio-10090-exec-8] CategoryServiceImpl isDuplicateCategory- {} call started with input:-microwave
2020-05-08 15:44:41,560 DEBUG com.mendix.service.CategoryServiceImpl [http-nio-10090-exec-8] CategoryServiceImpl isDuplicateCategory- {} category not found
2020-05-08 15:44:41,560 DEBUG com.mendix.service.CategoryServiceImpl [http-nio-10090-exec-8] CategoryServiceImpl saveCategory- {} call started 
2020-05-08 15:44:41,562 DEBUG com.mendix.service.CategoryServiceImpl [http-nio-10090-exec-8] CategoryServiceImpl saveCategory- {} call end
2020-05-08 15:44:41,562 DEBUG com.mendix.restcontroller.RecipesRestController [http-nio-10090-exec-8] RecipesRestController saveData- {} call end with success and created
2020-05-08 15:44:41,588 DEBUG com.mendix.restcontroller.RecipesRestController [http-nio-10090-exec-7] RecipesRestController saveData- {} call started with input :-microwave
2020-05-08 15:44:41,589 DEBUG com.mendix.service.CategoryServiceImpl [http-nio-10090-exec-7] CategoryServiceImpl isDuplicateCategory- {} call started with input:-microwave
2020-05-08 15:44:41,595 DEBUG com.mendix.service.CategoryServiceImpl [http-nio-10090-exec-7] CategoryServiceImpl isDuplicateCategory- {} category found
2020-05-08 15:44:41,595 DEBUG com.mendix.restcontroller.RecipesRestController [http-nio-10090-exec-7] RecipesRestController saveData- {} call end with conflict
2020-05-08 15:44:41,619 DEBUG com.mendix.restcontroller.RecipesRestController [http-nio-10090-exec-10] RecipesRestController getData- {} call started with input:-all
2020-05-08 15:44:41,619 DEBUG com.mendix.service.CategoryServiceImpl [http-nio-10090-exec-10] CategoryServiceImpl getAllCategory- {} call started 
2020-05-08 15:44:41,627 DEBUG com.mendix.service.CategoryServiceImpl [http-nio-10090-exec-10] CategoryServiceImpl getAllCategory- {} call end
2020-05-08 15:44:41,627 DEBUG com.mendix.restcontroller.RecipesRestController [http-nio-10090-exec-10] RecipesRestController getData- {} call end with success
2020-05-08 15:44:41,681 DEBUG com.mendix.restcontroller.RecipesRestController [http-nio-10090-exec-2] RecipesRestController getData- {} call started with input:-1
2020-05-08 15:44:41,686 DEBUG com.mendix.service.CategoryServiceImpl [http-nio-10090-exec-2] CategoryServiceImpl findById- {} call started with input:-1
2020-05-08 15:44:41,694 DEBUG com.mendix.service.CategoryServiceImpl [http-nio-10090-exec-2] CategoryServiceImpl findById- {} category found
2020-05-08 15:44:41,694 DEBUG com.mendix.restcontroller.RecipesRestController [http-nio-10090-exec-2] RecipesRestController getData- {} call end with success
2020-05-08 15:44:41,717 DEBUG com.mendix.restcontroller.RecipesRestController [http-nio-10090-exec-1] RecipesRestController getData- {} call started with input:-chili
2020-05-08 15:44:41,717 DEBUG com.mendix.service.CategoryServiceImpl [http-nio-10090-exec-1] CategoryServiceImpl findByName- {} call started with input:-chili
2020-05-08 15:44:41,718 DEBUG com.mendix.service.CategoryServiceImpl [http-nio-10090-exec-1] CategoryServiceImpl findByName- {} category found
2020-05-08 15:44:41,718 DEBUG com.mendix.service.CategoryServiceImpl [http-nio-10090-exec-1] CategoryServiceImpl findByName- {} call end
2020-05-08 15:44:41,718 DEBUG com.mendix.restcontroller.RecipesRestController [http-nio-10090-exec-1] RecipesRestController getData- {} call end with success
2020-05-08 15:44:41,787 DEBUG com.mendix.restcontroller.RecipesRestController [http-nio-10090-exec-3] RecipesRestController addRecipe- {} call started with input :-class Recipe {
    directions: class Directions {
        step:   Sprinkle 1 cup almonds into bottom of a well-greased       and floured 10"
          tube pan; set aside. Combine cake mix,     pudding mix, eggs, oil, water,
          amaretto, and almond        extract in a mixing bowl; beat on low speed of
          an
                 electric mixer til dry ingredients are moistened.          Increase
          speed to medium, and beat 4 minutes. Stir in      remaining 1/2 cup
          almonds. Pour batter into prepared       tube pan. Bake at 325~ for 1 hour
          or til a wooden pick inserted in center comes out clean. Cool cake in pan
            10-15 minutes; remove from pan, and cool completely.       Combine sugar,
          water, and butter in a small saucepan;      bring to a boil. Reduce heat to
          medium and gently boil     4-5 minutes, stirring occasionally, until sugar
          dissolves. Remove from heat, and cool 15 minutes. Stir
          in amaretto and almond extract. Punch holes in top of      cake with a
          wooden pick; slowly spoon glaze on top of cake, allowing glaze to absorb in
          cake.
          Posted to MC-Recipe Digest V1 #263
          
          Date: Sun, 27 Oct 1996 20:04:57 +0000
          
          From: Cheryl Gimenez <clgimenez@earthlink.net>
         
        
    }
    head: class RecipeHead {
        title: Amaretto Cake
        categories: class Categories {
            results: null
            categories: [class Category {
                id: 0
                categoryName: liquor
            }, class Category {
                id: 0
                categoryName: cakes
            }, class Category {
                id: 0
                categoryName: cake mixes
            }]
        }
        yield: 1
    }
    ingredients: class Ingredients {
        ingdiv: [class IngredientDiv {
            ing: [class Ingredient {
                amt: class Amount {
                    qty: 1 1/2
                    unit: cups
                }
                item: Toasted Almonds; chopped
            }, class Ingredient {
                amt: class Amount {
                    qty: 1
                    unit: package
                }
                item: Yellow cake mix; no pudding
            }, class Ingredient {
                amt: class Amount {
                    qty: 1
                    unit: package
                }
                item: Vanilla instant pudding
            }, class Ingredient {
                amt: class Amount {
                    qty: 4
                    unit: 
                }
                item: Eggs
            }, class Ingredient {
                amt: class Amount {
                    qty: 1/2
                    unit: cups
                }
                item: Vegetable oil
            }, class Ingredient {
                amt: class Amount {
                    qty: 1/2
                    unit: cups
                }
                item: Water
            }, class Ingredient {
                amt: class Amount {
                    qty: 1/2
                    unit: cups
                }
                item: Amaretto
            }, class Ingredient {
                amt: class Amount {
                    qty: 1
                    unit: teaspoon
                }
                item: Almond extract
            }]
            title: 
        }, class IngredientDiv {
            ing: [class Ingredient {
                amt: class Amount {
                    qty: 1/2
                    unit: cups
                }
                item: Sugar
            }, class Ingredient {
                amt: class Amount {
                    qty: 1/4
                    unit: cups
                }
                item: Water
            }, class Ingredient {
                amt: class Amount {
                    qty: 2
                    unit: tablespoons
                }
                item: Butter
            }, class Ingredient {
                amt: class Amount {
                    qty: 1/4
                    unit: cups
                }
                item: Amaretto
            }, class Ingredient {
                amt: class Amount {
                    qty: 1/2
                    unit: teaspoons
                }
                item: Almond extract
            }]
            title: GLAZE
        }]
    }
}
2020-05-08 15:44:41,789 DEBUG com.mendix.service.RecipeServiceImpl [http-nio-10090-exec-3] RecipeServiceImpl validateRecipeRequest- {} call started with input:-class Recipe {
    directions: class Directions {
        step:   Sprinkle 1 cup almonds into bottom of a well-greased       and floured 10"
          tube pan; set aside. Combine cake mix,     pudding mix, eggs, oil, water,
          amaretto, and almond        extract in a mixing bowl; beat on low speed of
          an
                 electric mixer til dry ingredients are moistened.          Increase
          speed to medium, and beat 4 minutes. Stir in      remaining 1/2 cup
          almonds. Pour batter into prepared       tube pan. Bake at 325~ for 1 hour
          or til a wooden pick inserted in center comes out clean. Cool cake in pan
            10-15 minutes; remove from pan, and cool completely.       Combine sugar,
          water, and butter in a small saucepan;      bring to a boil. Reduce heat to
          medium and gently boil     4-5 minutes, stirring occasionally, until sugar
          dissolves. Remove from heat, and cool 15 minutes. Stir
          in amaretto and almond extract. Punch holes in top of      cake with a
          wooden pick; slowly spoon glaze on top of cake, allowing glaze to absorb in
          cake.
          Posted to MC-Recipe Digest V1 #263
          
          Date: Sun, 27 Oct 1996 20:04:57 +0000
          
          From: Cheryl Gimenez <clgimenez@earthlink.net>
         
        
    }
    head: class RecipeHead {
        title: Amaretto Cake
        categories: class Categories {
            results: null
            categories: [class Category {
                id: 0
                categoryName: liquor
            }, class Category {
                id: 0
                categoryName: cakes
            }, class Category {
                id: 0
                categoryName: cake mixes
            }]
        }
        yield: 1
    }
    ingredients: class Ingredients {
        ingdiv: [class IngredientDiv {
            ing: [class Ingredient {
                amt: class Amount {
                    qty: 1 1/2
                    unit: cups
                }
                item: Toasted Almonds; chopped
            }, class Ingredient {
                amt: class Amount {
                    qty: 1
                    unit: package
                }
                item: Yellow cake mix; no pudding
            }, class Ingredient {
                amt: class Amount {
                    qty: 1
                    unit: package
                }
                item: Vanilla instant pudding
            }, class Ingredient {
                amt: class Amount {
                    qty: 4
                    unit: 
                }
                item: Eggs
            }, class Ingredient {
                amt: class Amount {
                    qty: 1/2
                    unit: cups
                }
                item: Vegetable oil
            }, class Ingredient {
                amt: class Amount {
                    qty: 1/2
                    unit: cups
                }
                item: Water
            }, class Ingredient {
                amt: class Amount {
                    qty: 1/2
                    unit: cups
                }
                item: Amaretto
            }, class Ingredient {
                amt: class Amount {
                    qty: 1
                    unit: teaspoon
                }
                item: Almond extract
            }]
            title: 
        }, class IngredientDiv {
            ing: [class Ingredient {
                amt: class Amount {
                    qty: 1/2
                    unit: cups
                }
                item: Sugar
            }, class Ingredient {
                amt: class Amount {
                    qty: 1/4
                    unit: cups
                }
                item: Water
            }, class Ingredient {
                amt: class Amount {
                    qty: 2
                    unit: tablespoons
                }
                item: Butter
            }, class Ingredient {
                amt: class Amount {
                    qty: 1/4
                    unit: cups
                }
                item: Amaretto
            }, class Ingredient {
                amt: class Amount {
                    qty: 1/2
                    unit: teaspoons
                }
                item: Almond extract
            }]
            title: GLAZE
        }]
    }
}
2020-05-08 15:44:41,789 DEBUG com.mendix.service.RecipeServiceImpl [http-nio-10090-exec-3] RecipeServiceImpl validateRecipeRequest- {} recipe not null
2020-05-08 15:44:41,789 DEBUG com.mendix.service.RecipeServiceImpl [http-nio-10090-exec-3] RecipeServiceImpl validateRecipeRequest- {} recipe inputs are not null
2020-05-08 15:44:41,789 DEBUG com.mendix.service.RecipeServiceImpl [http-nio-10090-exec-3] RecipeServiceImpl validateRecipeRequest- {} categories inputs are not null
2020-05-08 15:44:41,792 DEBUG com.mendix.service.RecipeServiceImpl [http-nio-10090-exec-3] RecipeServiceImpl validateRecipeRequest- {} validation success
2020-05-08 15:44:41,792 DEBUG com.mendix.service.RecipeServiceImpl [http-nio-10090-exec-3] RecipeServiceImpl validateRecipeRequest- {} call end with duplicate
2020-05-08 15:44:41,797 DEBUG com.mendix.service.RecipeServiceImpl [http-nio-10090-exec-3] RecipeServiceImpl validateRecipeRequest- {} call end with not duplicate
2020-05-08 15:44:41,797 DEBUG com.mendix.service.RecipeServiceImpl [http-nio-10090-exec-3] RecipeServiceImpl saveRecipe- {} call started with input:-class Recipe {
    directions: class Directions {
        step:   Sprinkle 1 cup almonds into bottom of a well-greased       and floured 10"
          tube pan; set aside. Combine cake mix,     pudding mix, eggs, oil, water,
          amaretto, and almond        extract in a mixing bowl; beat on low speed of
          an
                 electric mixer til dry ingredients are moistened.          Increase
          speed to medium, and beat 4 minutes. Stir in      remaining 1/2 cup
          almonds. Pour batter into prepared       tube pan. Bake at 325~ for 1 hour
          or til a wooden pick inserted in center comes out clean. Cool cake in pan
            10-15 minutes; remove from pan, and cool completely.       Combine sugar,
          water, and butter in a small saucepan;      bring to a boil. Reduce heat to
          medium and gently boil     4-5 minutes, stirring occasionally, until sugar
          dissolves. Remove from heat, and cool 15 minutes. Stir
          in amaretto and almond extract. Punch holes in top of      cake with a
          wooden pick; slowly spoon glaze on top of cake, allowing glaze to absorb in
          cake.
          Posted to MC-Recipe Digest V1 #263
          
          Date: Sun, 27 Oct 1996 20:04:57 +0000
          
          From: Cheryl Gimenez <clgimenez@earthlink.net>
         
        
    }
    head: class RecipeHead {
        title: Amaretto Cake
        categories: class Categories {
            results: null
            categories: [class Category {
                id: 0
                categoryName: liquor
            }, class Category {
                id: 0
                categoryName: cakes
            }, class Category {
                id: 0
                categoryName: cake mixes
            }]
        }
        yield: 1
    }
    ingredients: class Ingredients {
        ingdiv: [class IngredientDiv {
            ing: [class Ingredient {
                amt: class Amount {
                    qty: 1 1/2
                    unit: cups
                }
                item: Toasted Almonds; chopped
            }, class Ingredient {
                amt: class Amount {
                    qty: 1
                    unit: package
                }
                item: Yellow cake mix; no pudding
            }, class Ingredient {
                amt: class Amount {
                    qty: 1
                    unit: package
                }
                item: Vanilla instant pudding
            }, class Ingredient {
                amt: class Amount {
                    qty: 4
                    unit: 
                }
                item: Eggs
            }, class Ingredient {
                amt: class Amount {
                    qty: 1/2
                    unit: cups
                }
                item: Vegetable oil
            }, class Ingredient {
                amt: class Amount {
                    qty: 1/2
                    unit: cups
                }
                item: Water
            }, class Ingredient {
                amt: class Amount {
                    qty: 1/2
                    unit: cups
                }
                item: Amaretto
            }, class Ingredient {
                amt: class Amount {
                    qty: 1
                    unit: teaspoon
                }
                item: Almond extract
            }]
            title: 
        }, class IngredientDiv {
            ing: [class Ingredient {
                amt: class Amount {
                    qty: 1/2
                    unit: cups
                }
                item: Sugar
            }, class Ingredient {
                amt: class Amount {
                    qty: 1/4
                    unit: cups
                }
                item: Water
            }, class Ingredient {
                amt: class Amount {
                    qty: 2
                    unit: tablespoons
                }
                item: Butter
            }, class Ingredient {
                amt: class Amount {
                    qty: 1/4
                    unit: cups
                }
                item: Amaretto
            }, class Ingredient {
                amt: class Amount {
                    qty: 1/2
                    unit: teaspoons
                }
                item: Almond extract
            }]
            title: GLAZE
        }]
    }
}
2020-05-08 15:44:41,820 DEBUG com.mendix.service.RecipeServiceImpl [http-nio-10090-exec-3] RecipeServiceImpl saveRecipe- {} save success
2020-05-08 15:44:41,820 DEBUG com.mendix.restcontroller.RecipesRestController [http-nio-10090-exec-3] RecipesRestController addRecipe- {} call end with success and created
2020-05-08 15:44:41,852 DEBUG com.mendix.restcontroller.RecipesRestController [http-nio-10090-exec-4] RecipesRestController addRecipe- {} call started with input :-class Recipe {
    directions: class Directions {
        step:   Sprinkle 1 cup almonds into bottom of a well-greased       and floured 10"
          tube pan; set aside. Combine cake mix,     pudding mix, eggs, oil, water,
          amaretto, and almond        extract in a mixing bowl; beat on low speed of
          an
                 electric mixer til dry ingredients are moistened.          Increase
          speed to medium, and beat 4 minutes. Stir in      remaining 1/2 cup
          almonds. Pour batter into prepared       tube pan. Bake at 325~ for 1 hour
          or til a wooden pick inserted in center comes out clean. Cool cake in pan
            10-15 minutes; remove from pan, and cool completely.       Combine sugar,
          water, and butter in a small saucepan;      bring to a boil. Reduce heat to
          medium and gently boil     4-5 minutes, stirring occasionally, until sugar
          dissolves. Remove from heat, and cool 15 minutes. Stir
          in amaretto and almond extract. Punch holes in top of      cake with a
          wooden pick; slowly spoon glaze on top of cake, allowing glaze to absorb in
          cake.
          Posted to MC-Recipe Digest V1 #263
          
          Date: Sun, 27 Oct 1996 20:04:57 +0000
          
          From: Cheryl Gimenez <clgimenez@earthlink.net>
         
        
    }
    head: class RecipeHead {
        title: Amaretto Cake
        categories: class Categories {
            results: null
            categories: [class Category {
                id: 0
                categoryName: liquor
            }, class Category {
                id: 0
                categoryName: cakes
            }, class Category {
                id: 0
                categoryName: cake mixes
            }]
        }
        yield: 1
    }
    ingredients: class Ingredients {
        ingdiv: [class IngredientDiv {
            ing: [class Ingredient {
                amt: class Amount {
                    qty: 1 1/2
                    unit: cups
                }
                item: Toasted Almonds; chopped
            }, class Ingredient {
                amt: class Amount {
                    qty: 1
                    unit: package
                }
                item: Yellow cake mix; no pudding
            }, class Ingredient {
                amt: class Amount {
                    qty: 1
                    unit: package
                }
                item: Vanilla instant pudding
            }, class Ingredient {
                amt: class Amount {
                    qty: 4
                    unit: 
                }
                item: Eggs
            }, class Ingredient {
                amt: class Amount {
                    qty: 1/2
                    unit: cups
                }
                item: Vegetable oil
            }, class Ingredient {
                amt: class Amount {
                    qty: 1/2
                    unit: cups
                }
                item: Water
            }, class Ingredient {
                amt: class Amount {
                    qty: 1/2
                    unit: cups
                }
                item: Amaretto
            }, class Ingredient {
                amt: class Amount {
                    qty: 1
                    unit: teaspoon
                }
                item: Almond extract
            }]
            title: 
        }, class IngredientDiv {
            ing: [class Ingredient {
                amt: class Amount {
                    qty: 1/2
                    unit: cups
                }
                item: Sugar
            }, class Ingredient {
                amt: class Amount {
                    qty: 1/4
                    unit: cups
                }
                item: Water
            }, class Ingredient {
                amt: class Amount {
                    qty: 2
                    unit: tablespoons
                }
                item: Butter
            }, class Ingredient {
                amt: class Amount {
                    qty: 1/4
                    unit: cups
                }
                item: Amaretto
            }, class Ingredient {
                amt: class Amount {
                    qty: 1/2
                    unit: teaspoons
                }
                item: Almond extract
            }]
            title: GLAZE
        }]
    }
}
2020-05-08 15:44:41,853 DEBUG com.mendix.service.RecipeServiceImpl [http-nio-10090-exec-4] RecipeServiceImpl validateRecipeRequest- {} call started with input:-class Recipe {
    directions: class Directions {
        step:   Sprinkle 1 cup almonds into bottom of a well-greased       and floured 10"
          tube pan; set aside. Combine cake mix,     pudding mix, eggs, oil, water,
          amaretto, and almond        extract in a mixing bowl; beat on low speed of
          an
                 electric mixer til dry ingredients are moistened.          Increase
          speed to medium, and beat 4 minutes. Stir in      remaining 1/2 cup
          almonds. Pour batter into prepared       tube pan. Bake at 325~ for 1 hour
          or til a wooden pick inserted in center comes out clean. Cool cake in pan
            10-15 minutes; remove from pan, and cool completely.       Combine sugar,
          water, and butter in a small saucepan;      bring to a boil. Reduce heat to
          medium and gently boil     4-5 minutes, stirring occasionally, until sugar
          dissolves. Remove from heat, and cool 15 minutes. Stir
          in amaretto and almond extract. Punch holes in top of      cake with a
          wooden pick; slowly spoon glaze on top of cake, allowing glaze to absorb in
          cake.
          Posted to MC-Recipe Digest V1 #263
          
          Date: Sun, 27 Oct 1996 20:04:57 +0000
          
          From: Cheryl Gimenez <clgimenez@earthlink.net>
         
        
    }
    head: class RecipeHead {
        title: Amaretto Cake
        categories: class Categories {
            results: null
            categories: [class Category {
                id: 0
                categoryName: liquor
            }, class Category {
                id: 0
                categoryName: cakes
            }, class Category {
                id: 0
                categoryName: cake mixes
            }]
        }
        yield: 1
    }
    ingredients: class Ingredients {
        ingdiv: [class IngredientDiv {
            ing: [class Ingredient {
                amt: class Amount {
                    qty: 1 1/2
                    unit: cups
                }
                item: Toasted Almonds; chopped
            }, class Ingredient {
                amt: class Amount {
                    qty: 1
                    unit: package
                }
                item: Yellow cake mix; no pudding
            }, class Ingredient {
                amt: class Amount {
                    qty: 1
                    unit: package
                }
                item: Vanilla instant pudding
            }, class Ingredient {
                amt: class Amount {
                    qty: 4
                    unit: 
                }
                item: Eggs
            }, class Ingredient {
                amt: class Amount {
                    qty: 1/2
                    unit: cups
                }
                item: Vegetable oil
            }, class Ingredient {
                amt: class Amount {
                    qty: 1/2
                    unit: cups
                }
                item: Water
            }, class Ingredient {
                amt: class Amount {
                    qty: 1/2
                    unit: cups
                }
                item: Amaretto
            }, class Ingredient {
                amt: class Amount {
                    qty: 1
                    unit: teaspoon
                }
                item: Almond extract
            }]
            title: 
        }, class IngredientDiv {
            ing: [class Ingredient {
                amt: class Amount {
                    qty: 1/2
                    unit: cups
                }
                item: Sugar
            }, class Ingredient {
                amt: class Amount {
                    qty: 1/4
                    unit: cups
                }
                item: Water
            }, class Ingredient {
                amt: class Amount {
                    qty: 2
                    unit: tablespoons
                }
                item: Butter
            }, class Ingredient {
                amt: class Amount {
                    qty: 1/4
                    unit: cups
                }
                item: Amaretto
            }, class Ingredient {
                amt: class Amount {
                    qty: 1/2
                    unit: teaspoons
                }
                item: Almond extract
            }]
            title: GLAZE
        }]
    }
}
2020-05-08 15:44:41,853 DEBUG com.mendix.service.RecipeServiceImpl [http-nio-10090-exec-4] RecipeServiceImpl validateRecipeRequest- {} recipe not null
2020-05-08 15:44:41,853 DEBUG com.mendix.service.RecipeServiceImpl [http-nio-10090-exec-4] RecipeServiceImpl validateRecipeRequest- {} recipe inputs are not null
2020-05-08 15:44:41,853 DEBUG com.mendix.service.RecipeServiceImpl [http-nio-10090-exec-4] RecipeServiceImpl validateRecipeRequest- {} categories inputs are not null
2020-05-08 15:44:41,857 DEBUG com.mendix.service.RecipeServiceImpl [http-nio-10090-exec-4] RecipeServiceImpl validateRecipeRequest- {} validation success
2020-05-08 15:44:41,858 DEBUG com.mendix.service.RecipeServiceImpl [http-nio-10090-exec-4] RecipeServiceImpl validateRecipeRequest- {} call end with duplicate
2020-05-08 15:44:41,864 DEBUG com.mendix.service.RecipeServiceImpl [http-nio-10090-exec-4] RecipeServiceImpl validateRecipeRequest- {} call end with duplicate
2020-05-08 15:44:41,864 DEBUG com.mendix.restcontroller.RecipesRestController [http-nio-10090-exec-4] RecipesRestController addRecipe- {} call end with conflict
2020-05-08 15:44:41,895 DEBUG com.mendix.restcontroller.RecipesRestController [http-nio-10090-exec-5] RecipesRestController addRecipe- {} call started with input :-class Recipe {
    directions: class Directions {
        step:   Brown the meat in a little butter and cook until the meat is brown -- about
          10 minutes. Add all other ingredients and let simmer for 30 minutes. Your
          choice of hot sauce may be added to taste.
          
          Recipe by: MasterCook Archives
          
          Posted to recipelu-digest Volume 01 Number 577 by Rodeo46898
          <Rodeo46898@aol.com> on Jan 22, 1998
         
        
    }
    head: class RecipeHead {
        title: 30 Minute Chili
        categories: class Categories {
            results: null
            categories: [class Category {
                id: 0
                categoryName: chili
            }, class Category {
                id: 0
                categoryName: main dish
            }]
        }
        yield: 6
    }
    ingredients: class Ingredients {
        ingdiv: [class IngredientDiv {
            ing: [class Ingredient {
                amt: class Amount {
                    qty: 1
                    unit: pound
                }
                item: Ground chuck or lean ground; beef
            }, class Ingredient {
                amt: class Amount {
                    qty: 1
                    unit: 
                }
                item: Onion; large, chopped
            }, class Ingredient {
                amt: class Amount {
                    qty: 1
                    unit: can
                }
                item: Kidney beans; (12 oz)
            }, class Ingredient {
                amt: class Amount {
                    qty: 1
                    unit: can
                }
                item: Tomato soup; undiluted
            }, class Ingredient {
                amt: class Amount {
                    qty: 1
                    unit: teaspoon
                }
                item: Salt
            }, class Ingredient {
                amt: class Amount {
                    qty: 1
                    unit: tablespoon
                }
                item: Chili powder; (or to taste)
            }, class Ingredient {
                amt: class Amount {
                    qty: 
                    unit: 
                }
                item: Hot pepper sauce; to taste
            }]
            title: 
        }]
    }
}
2020-05-08 15:44:41,895 DEBUG com.mendix.service.RecipeServiceImpl [http-nio-10090-exec-5] RecipeServiceImpl validateRecipeRequest- {} call started with input:-class Recipe {
    directions: class Directions {
        step:   Brown the meat in a little butter and cook until the meat is brown -- about
          10 minutes. Add all other ingredients and let simmer for 30 minutes. Your
          choice of hot sauce may be added to taste.
          
          Recipe by: MasterCook Archives
          
          Posted to recipelu-digest Volume 01 Number 577 by Rodeo46898
          <Rodeo46898@aol.com> on Jan 22, 1998
         
        
    }
    head: class RecipeHead {
        title: 30 Minute Chili
        categories: class Categories {
            results: null
            categories: [class Category {
                id: 0
                categoryName: chili
            }, class Category {
                id: 0
                categoryName: main dish
            }]
        }
        yield: 6
    }
    ingredients: class Ingredients {
        ingdiv: [class IngredientDiv {
            ing: [class Ingredient {
                amt: class Amount {
                    qty: 1
                    unit: pound
                }
                item: Ground chuck or lean ground; beef
            }, class Ingredient {
                amt: class Amount {
                    qty: 1
                    unit: 
                }
                item: Onion; large, chopped
            }, class Ingredient {
                amt: class Amount {
                    qty: 1
                    unit: can
                }
                item: Kidney beans; (12 oz)
            }, class Ingredient {
                amt: class Amount {
                    qty: 1
                    unit: can
                }
                item: Tomato soup; undiluted
            }, class Ingredient {
                amt: class Amount {
                    qty: 1
                    unit: teaspoon
                }
                item: Salt
            }, class Ingredient {
                amt: class Amount {
                    qty: 1
                    unit: tablespoon
                }
                item: Chili powder; (or to taste)
            }, class Ingredient {
                amt: class Amount {
                    qty: 
                    unit: 
                }
                item: Hot pepper sauce; to taste
            }]
            title: 
        }]
    }
}
2020-05-08 15:44:41,895 DEBUG com.mendix.service.RecipeServiceImpl [http-nio-10090-exec-5] RecipeServiceImpl validateRecipeRequest- {} recipe not null
2020-05-08 15:44:41,895 DEBUG com.mendix.service.RecipeServiceImpl [http-nio-10090-exec-5] RecipeServiceImpl validateRecipeRequest- {} recipe inputs are not null
2020-05-08 15:44:41,895 DEBUG com.mendix.service.RecipeServiceImpl [http-nio-10090-exec-5] RecipeServiceImpl validateRecipeRequest- {} categories inputs are not null
2020-05-08 15:44:41,899 DEBUG com.mendix.service.RecipeServiceImpl [http-nio-10090-exec-5] RecipeServiceImpl validateRecipeRequest- {} validation success
2020-05-08 15:44:41,899 DEBUG com.mendix.service.RecipeServiceImpl [http-nio-10090-exec-5] RecipeServiceImpl validateRecipeRequest- {} call end with duplicate
2020-05-08 15:44:41,899 DEBUG com.mendix.service.RecipeServiceImpl [http-nio-10090-exec-5] RecipeServiceImpl validateRecipeRequest- {} call end with not duplicate
2020-05-08 15:44:41,900 DEBUG com.mendix.service.RecipeServiceImpl [http-nio-10090-exec-5] RecipeServiceImpl saveRecipe- {} call started with input:-class Recipe {
    directions: class Directions {
        step:   Brown the meat in a little butter and cook until the meat is brown -- about
          10 minutes. Add all other ingredients and let simmer for 30 minutes. Your
          choice of hot sauce may be added to taste.
          
          Recipe by: MasterCook Archives
          
          Posted to recipelu-digest Volume 01 Number 577 by Rodeo46898
          <Rodeo46898@aol.com> on Jan 22, 1998
         
        
    }
    head: class RecipeHead {
        title: 30 Minute Chili
        categories: class Categories {
            results: null
            categories: [class Category {
                id: 0
                categoryName: chili
            }, class Category {
                id: 0
                categoryName: main dish
            }]
        }
        yield: 6
    }
    ingredients: class Ingredients {
        ingdiv: [class IngredientDiv {
            ing: [class Ingredient {
                amt: class Amount {
                    qty: 1
                    unit: pound
                }
                item: Ground chuck or lean ground; beef
            }, class Ingredient {
                amt: class Amount {
                    qty: 1
                    unit: 
                }
                item: Onion; large, chopped
            }, class Ingredient {
                amt: class Amount {
                    qty: 1
                    unit: can
                }
                item: Kidney beans; (12 oz)
            }, class Ingredient {
                amt: class Amount {
                    qty: 1
                    unit: can
                }
                item: Tomato soup; undiluted
            }, class Ingredient {
                amt: class Amount {
                    qty: 1
                    unit: teaspoon
                }
                item: Salt
            }, class Ingredient {
                amt: class Amount {
                    qty: 1
                    unit: tablespoon
                }
                item: Chili powder; (or to taste)
            }, class Ingredient {
                amt: class Amount {
                    qty: 
                    unit: 
                }
                item: Hot pepper sauce; to taste
            }]
            title: 
        }]
    }
}
2020-05-08 15:44:41,911 DEBUG com.mendix.service.RecipeServiceImpl [http-nio-10090-exec-5] RecipeServiceImpl saveRecipe- {} save success
2020-05-08 15:44:41,912 DEBUG com.mendix.restcontroller.RecipesRestController [http-nio-10090-exec-5] RecipesRestController addRecipe- {} call end with success and created
2020-05-08 15:44:41,941 DEBUG com.mendix.restcontroller.RecipesRestController [http-nio-10090-exec-6] RecipesRestController addRecipe- {} call started with input :-class Recipe {
    directions: class Directions {
        step:   Brown the meat in a little butter and cook until the meat is brown -- about
          10 minutes. Add all other ingredients and let simmer for 30 minutes. Your
          choice of hot sauce may be added to taste.
          
          Recipe by: MasterCook Archives
          
          Posted to recipelu-digest Volume 01 Number 577 by Rodeo46898
          <Rodeo46898@aol.com> on Jan 22, 1998
         
        
    }
    head: class RecipeHead {
        title: 40 Minute special
        categories: class Categories {
            results: null
            categories: [class Category {
                id: 0
                categoryName: chili
            }]
        }
        yield: 6
    }
    ingredients: class Ingredients {
        ingdiv: [class IngredientDiv {
            ing: [class Ingredient {
                amt: class Amount {
                    qty: 1
                    unit: pound
                }
                item: Ground chuck or lean ground; beef
            }, class Ingredient {
                amt: class Amount {
                    qty: 1
                    unit: 
                }
                item: Onion; large, chopped
            }, class Ingredient {
                amt: class Amount {
                    qty: 1
                    unit: can
                }
                item: Kidney beans; (12 oz)
            }, class Ingredient {
                amt: class Amount {
                    qty: 1
                    unit: can
                }
                item: Tomato soup; undiluted
            }, class Ingredient {
                amt: class Amount {
                    qty: 1
                    unit: teaspoon
                }
                item: Salt
            }, class Ingredient {
                amt: class Amount {
                    qty: 1
                    unit: tablespoon
                }
                item: Chili powder; (or to taste)
            }, class Ingredient {
                amt: class Amount {
                    qty: 
                    unit: 
                }
                item: Hot pepper sauce; to taste
            }]
            title: 
        }]
    }
}
2020-05-08 15:44:41,942 DEBUG com.mendix.service.RecipeServiceImpl [http-nio-10090-exec-6] RecipeServiceImpl validateRecipeRequest- {} call started with input:-class Recipe {
    directions: class Directions {
        step:   Brown the meat in a little butter and cook until the meat is brown -- about
          10 minutes. Add all other ingredients and let simmer for 30 minutes. Your
          choice of hot sauce may be added to taste.
          
          Recipe by: MasterCook Archives
          
          Posted to recipelu-digest Volume 01 Number 577 by Rodeo46898
          <Rodeo46898@aol.com> on Jan 22, 1998
         
        
    }
    head: class RecipeHead {
        title: 40 Minute special
        categories: class Categories {
            results: null
            categories: [class Category {
                id: 0
                categoryName: chili
            }]
        }
        yield: 6
    }
    ingredients: class Ingredients {
        ingdiv: [class IngredientDiv {
            ing: [class Ingredient {
                amt: class Amount {
                    qty: 1
                    unit: pound
                }
                item: Ground chuck or lean ground; beef
            }, class Ingredient {
                amt: class Amount {
                    qty: 1
                    unit: 
                }
                item: Onion; large, chopped
            }, class Ingredient {
                amt: class Amount {
                    qty: 1
                    unit: can
                }
                item: Kidney beans; (12 oz)
            }, class Ingredient {
                amt: class Amount {
                    qty: 1
                    unit: can
                }
                item: Tomato soup; undiluted
            }, class Ingredient {
                amt: class Amount {
                    qty: 1
                    unit: teaspoon
                }
                item: Salt
            }, class Ingredient {
                amt: class Amount {
                    qty: 1
                    unit: tablespoon
                }
                item: Chili powder; (or to taste)
            }, class Ingredient {
                amt: class Amount {
                    qty: 
                    unit: 
                }
                item: Hot pepper sauce; to taste
            }]
            title: 
        }]
    }
}
2020-05-08 15:44:41,942 DEBUG com.mendix.service.RecipeServiceImpl [http-nio-10090-exec-6] RecipeServiceImpl validateRecipeRequest- {} recipe not null
2020-05-08 15:44:41,942 DEBUG com.mendix.service.RecipeServiceImpl [http-nio-10090-exec-6] RecipeServiceImpl validateRecipeRequest- {} recipe inputs are not null
2020-05-08 15:44:41,942 DEBUG com.mendix.service.RecipeServiceImpl [http-nio-10090-exec-6] RecipeServiceImpl validateRecipeRequest- {} categories inputs are not null
2020-05-08 15:44:41,943 DEBUG com.mendix.service.RecipeServiceImpl [http-nio-10090-exec-6] RecipeServiceImpl validateRecipeRequest- {} validation success
2020-05-08 15:44:41,943 DEBUG com.mendix.service.RecipeServiceImpl [http-nio-10090-exec-6] RecipeServiceImpl validateRecipeRequest- {} call end with duplicate
2020-05-08 15:44:41,944 DEBUG com.mendix.service.RecipeServiceImpl [http-nio-10090-exec-6] RecipeServiceImpl validateRecipeRequest- {} call end with not duplicate
2020-05-08 15:44:41,944 DEBUG com.mendix.service.RecipeServiceImpl [http-nio-10090-exec-6] RecipeServiceImpl saveRecipe- {} call started with input:-class Recipe {
    directions: class Directions {
        step:   Brown the meat in a little butter and cook until the meat is brown -- about
          10 minutes. Add all other ingredients and let simmer for 30 minutes. Your
          choice of hot sauce may be added to taste.
          
          Recipe by: MasterCook Archives
          
          Posted to recipelu-digest Volume 01 Number 577 by Rodeo46898
          <Rodeo46898@aol.com> on Jan 22, 1998
         
        
    }
    head: class RecipeHead {
        title: 40 Minute special
        categories: class Categories {
            results: null
            categories: [class Category {
                id: 0
                categoryName: chili
            }]
        }
        yield: 6
    }
    ingredients: class Ingredients {
        ingdiv: [class IngredientDiv {
            ing: [class Ingredient {
                amt: class Amount {
                    qty: 1
                    unit: pound
                }
                item: Ground chuck or lean ground; beef
            }, class Ingredient {
                amt: class Amount {
                    qty: 1
                    unit: 
                }
                item: Onion; large, chopped
            }, class Ingredient {
                amt: class Amount {
                    qty: 1
                    unit: can
                }
                item: Kidney beans; (12 oz)
            }, class Ingredient {
                amt: class Amount {
                    qty: 1
                    unit: can
                }
                item: Tomato soup; undiluted
            }, class Ingredient {
                amt: class Amount {
                    qty: 1
                    unit: teaspoon
                }
                item: Salt
            }, class Ingredient {
                amt: class Amount {
                    qty: 1
                    unit: tablespoon
                }
                item: Chili powder; (or to taste)
            }, class Ingredient {
                amt: class Amount {
                    qty: 
                    unit: 
                }
                item: Hot pepper sauce; to taste
            }]
            title: 
        }]
    }
}
2020-05-08 15:44:41,950 DEBUG com.mendix.service.RecipeServiceImpl [http-nio-10090-exec-6] RecipeServiceImpl saveRecipe- {} save success
2020-05-08 15:44:41,950 DEBUG com.mendix.restcontroller.RecipesRestController [http-nio-10090-exec-6] RecipesRestController addRecipe- {} call end with success and created
2020-05-08 15:44:41,975 DEBUG com.mendix.restcontroller.RecipesRestController [http-nio-10090-exec-9] RecipesRestController getRecipes- {} call started with input:-all
2020-05-08 15:44:41,975 DEBUG com.mendix.service.RecipeServiceImpl [http-nio-10090-exec-9] RecipeServiceImpl getAllRecipe- {} call started
2020-05-08 15:44:41,978 DEBUG com.mendix.service.RecipeServiceImpl [http-nio-10090-exec-9] RecipeServiceImpl prepapreRecipes- {} call started
2020-05-08 15:44:41,991 DEBUG com.mendix.service.RecipeServiceImpl [http-nio-10090-exec-9] RecipeServiceImpl prepapreRecipes- {} call started
2020-05-08 15:44:41,991 DEBUG com.mendix.service.RecipeServiceImpl [http-nio-10090-exec-9] RecipeServiceImpl getAllRecipe- {} call completed
2020-05-08 15:44:41,991 DEBUG com.mendix.restcontroller.RecipesRestController [http-nio-10090-exec-9] RecipesRestController getRecipes- {} call end result found
2020-05-08 15:44:42,029 DEBUG com.mendix.restcontroller.RecipesRestController [http-nio-10090-exec-8] RecipesRestController getRecipes- {} call started with input:-chili
2020-05-08 15:44:42,029 DEBUG com.mendix.service.CategoryServiceImpl [http-nio-10090-exec-8] CategoryServiceImpl findByName- {} call started with input:-chili
2020-05-08 15:44:42,030 DEBUG com.mendix.service.CategoryServiceImpl [http-nio-10090-exec-8] CategoryServiceImpl findByName- {} category found
2020-05-08 15:44:42,030 DEBUG com.mendix.service.CategoryServiceImpl [http-nio-10090-exec-8] CategoryServiceImpl findByName- {} call end
2020-05-08 15:44:42,030 DEBUG com.mendix.service.RecipeServiceImpl [http-nio-10090-exec-8] RecipeServiceImpl getAllRecipesForACategory- {} call started with input:-2
2020-05-08 15:44:42,059 DEBUG com.mendix.service.RecipeServiceImpl [http-nio-10090-exec-8] RecipeServiceImpl prepapreRecipes- {} call started
2020-05-08 15:44:42,065 DEBUG com.mendix.service.RecipeServiceImpl [http-nio-10090-exec-8] RecipeServiceImpl prepapreRecipes- {} call started
2020-05-08 15:44:42,065 DEBUG com.mendix.service.RecipeServiceImpl [http-nio-10090-exec-8] RecipeServiceImpl getAllRecipesForACategory- {} call completed
2020-05-08 15:44:42,065 DEBUG com.mendix.restcontroller.RecipesRestController [http-nio-10090-exec-8] RecipesRestController getRecipes- {} call end result found
2020-05-08 15:44:42,091 DEBUG com.mendix.restcontroller.RecipesRestController [http-nio-10090-exec-7] RecipesRestController getRecipes- {} call started with input:-test
2020-05-08 15:44:42,091 DEBUG com.mendix.service.CategoryServiceImpl [http-nio-10090-exec-7] CategoryServiceImpl findByName- {} call started with input:-test
2020-05-08 15:44:42,092 DEBUG com.mendix.service.CategoryServiceImpl [http-nio-10090-exec-7] CategoryServiceImpl findByName- {} call end
2020-05-08 15:44:42,092 DEBUG com.mendix.restcontroller.RecipesRestController [http-nio-10090-exec-7] RecipesRestController getRecipes- {} call end result not found
